TN:
SF:src\config\db.ts
FNF:0
FNH:0
DA:1,3
DA:3,3
DA:5,3
LF:3
LH:3
BRF:0
BRH:0
end_of_record
TN:
SF:src\config\swagger.ts
FNF:0
FNH:0
DA:1,0
DA:3,0
DA:25,0
DA:27,0
LF:4
LH:0
BRF:0
BRH:0
end_of_record
TN:
SF:src\controllers\authController.ts
FN:4,(anonymous_9)
FN:20,(anonymous_10)
FN:34,(anonymous_11)
FN:48,(anonymous_12)
FN:63,(anonymous_13)
FNF:5
FNH:2
FNDA:2,(anonymous_9)
FNDA:1,(anonymous_10)
FNDA:0,(anonymous_11)
FNDA:0,(anonymous_12)
FNDA:0,(anonymous_13)
DA:2,1
DA:4,1
DA:5,2
DA:6,2
DA:7,1
DA:9,1
DA:10,1
DA:11,0
DA:12,0
DA:14,0
DA:15,0
DA:20,1
DA:21,1
DA:22,1
DA:23,1
DA:25,0
DA:26,0
DA:28,0
DA:29,0
DA:34,1
DA:35,0
DA:36,0
DA:37,0
DA:39,0
DA:40,0
DA:42,0
DA:43,0
DA:48,1
DA:49,0
DA:50,0
DA:51,0
DA:53,0
DA:54,0
DA:55,0
DA:56,0
DA:58,0
DA:63,1
DA:64,0
DA:66,0
DA:68,0
LF:40
LH:14
BRDA:9,0,0,1
BRDA:9,0,1,0
BRDA:11,1,0,0
BRDA:11,1,1,0
BRDA:25,2,0,0
BRDA:25,2,1,0
BRDA:39,3,0,0
BRDA:39,3,1,0
BRDA:39,4,0,0
BRDA:39,4,1,0
BRDA:40,5,0,0
BRDA:40,5,1,0
BRDA:53,6,0,0
BRDA:53,6,1,0
BRDA:55,7,0,0
BRDA:55,7,1,0
BRF:16
BRH:1
end_of_record
TN:
SF:src\controllers\contentController.ts
FN:6,(anonymous_9)
FN:16,(anonymous_10)
FN:29,(anonymous_11)
FN:42,(anonymous_12)
FN:52,(anonymous_13)
FN:62,(anonymous_14)
FN:71,(anonymous_15)
FN:82,(anonymous_16)
FN:91,(anonymous_17)
FN:105,(anonymous_18)
FN:115,(anonymous_19)
FN:125,(anonymous_20)
FN:134,(anonymous_21)
FN:145,(anonymous_22)
FN:154,(anonymous_23)
FN:168,(anonymous_24)
FN:178,(anonymous_25)
FN:188,(anonymous_26)
FN:197,(anonymous_27)
FN:208,(anonymous_28)
FN:217,(anonymous_29)
FN:222,(anonymous_30)
FN:237,(anonymous_31)
FN:247,(anonymous_32)
FN:257,(anonymous_33)
FN:266,(anonymous_34)
FNF:26
FNH:2
FNDA:0,(anonymous_9)
FNDA:0,(anonymous_10)
FNDA:0,(anonymous_11)
FNDA:0,(anonymous_12)
FNDA:0,(anonymous_13)
FNDA:0,(anonymous_14)
FNDA:0,(anonymous_15)
FNDA:0,(anonymous_16)
FNDA:1,(anonymous_17)
FNDA:1,(anonymous_18)
FNDA:0,(anonymous_19)
FNDA:0,(anonymous_20)
FNDA:0,(anonymous_21)
FNDA:0,(anonymous_22)
FNDA:0,(anonymous_23)
FNDA:0,(anonymous_24)
FNDA:0,(anonymous_25)
FNDA:0,(anonymous_26)
FNDA:0,(anonymous_27)
FNDA:0,(anonymous_28)
FNDA:0,(anonymous_29)
FNDA:0,(anonymous_30)
FNDA:0,(anonymous_31)
FNDA:0,(anonymous_32)
FNDA:0,(anonymous_33)
FNDA:0,(anonymous_34)
DA:2,1
DA:6,1
DA:7,0
DA:8,0
DA:9,0
DA:11,0
DA:12,0
DA:16,1
DA:17,0
DA:18,0
DA:22,0
DA:24,0
DA:25,0
DA:29,1
DA:30,0
DA:31,0
DA:32,0
DA:33,0
DA:34,0
DA:36,0
DA:38,0
DA:42,1
DA:43,0
DA:44,0
DA:45,0
DA:47,0
DA:48,0
DA:52,1
DA:53,0
DA:54,0
DA:55,0
DA:57,0
DA:58,0
DA:62,1
DA:63,0
DA:64,0
DA:65,0
DA:67,0
DA:71,1
DA:72,0
DA:73,0
DA:74,0
DA:76,0
DA:77,0
DA:82,1
DA:83,0
DA:84,0
DA:85,0
DA:87,0
DA:91,1
DA:92,1
DA:93,1
DA:98,1
DA:100,0
DA:101,0
DA:105,1
DA:106,1
DA:107,1
DA:108,1
DA:110,0
DA:111,0
DA:115,1
DA:116,0
DA:117,0
DA:118,0
DA:120,0
DA:121,0
DA:125,1
DA:126,0
DA:127,0
DA:128,0
DA:130,0
DA:134,1
DA:135,0
DA:136,0
DA:137,0
DA:139,0
DA:140,0
DA:145,1
DA:146,0
DA:147,0
DA:148,0
DA:150,0
DA:154,1
DA:155,0
DA:156,0
DA:161,0
DA:163,0
DA:164,0
DA:168,1
DA:169,0
DA:170,0
DA:171,0
DA:173,0
DA:174,0
DA:178,1
DA:179,0
DA:180,0
DA:181,0
DA:183,0
DA:184,0
DA:188,1
DA:189,0
DA:190,0
DA:191,0
DA:193,0
DA:197,1
DA:198,0
DA:199,0
DA:200,0
DA:202,0
DA:203,0
DA:208,1
DA:209,0
DA:210,0
DA:211,0
DA:213,0
DA:217,1
DA:218,0
DA:219,0
DA:222,1
DA:223,0
DA:224,0
DA:230,0
DA:232,0
DA:233,0
DA:237,1
DA:238,0
DA:239,0
DA:240,0
DA:242,0
DA:243,0
DA:247,1
DA:248,0
DA:249,0
DA:250,0
DA:252,0
DA:253,0
DA:257,1
DA:258,0
DA:259,0
DA:260,0
DA:262,0
DA:266,1
DA:267,0
DA:268,0
DA:269,0
DA:271,0
DA:272,0
LF:149
LH:33
BRDA:32,0,0,0
BRDA:32,0,1,0
BRF:2
BRH:0
end_of_record
TN:
SF:src\controllers\roleController.ts
FN:5,(anonymous_9)
FN:15,(anonymous_10)
FN:25,(anonymous_11)
FN:39,(anonymous_12)
FN:49,(anonymous_13)
FN:59,(anonymous_14)
FN:69,(anonymous_15)
FNF:7
FNH:0
FNDA:0,(anonymous_9)
FNDA:0,(anonymous_10)
FNDA:0,(anonymous_11)
FNDA:0,(anonymous_12)
FNDA:0,(anonymous_13)
FNDA:0,(anonymous_14)
FNDA:0,(anonymous_15)
DA:2,0
DA:5,0
DA:6,0
DA:7,0
DA:8,0
DA:10,0
DA:15,0
DA:16,0
DA:17,0
DA:18,0
DA:20,0
DA:25,0
DA:26,0
DA:27,0
DA:28,0
DA:29,0
DA:30,0
DA:32,0
DA:34,0
DA:39,0
DA:40,0
DA:41,0
DA:42,0
DA:44,0
DA:49,0
DA:50,0
DA:51,0
DA:52,0
DA:54,0
DA:59,0
DA:60,0
DA:61,0
DA:62,0
DA:64,0
DA:69,0
DA:70,0
DA:71,0
DA:72,0
DA:74,0
DA:75,0
DA:76,0
DA:78,0
LF:42
LH:0
BRDA:28,0,0,0
BRDA:28,0,1,0
BRDA:74,1,0,0
BRDA:74,1,1,0
BRDA:74,2,0,0
BRDA:74,2,1,0
BRF:6
BRH:0
end_of_record
TN:
SF:src\controllers\userController.ts
FN:4,(anonymous_9)
FN:17,(anonymous_10)
FN:39,(anonymous_11)
FN:52,(anonymous_12)
FN:66,(anonymous_13)
FN:75,(anonymous_14)
FNF:6
FNH:3
FNDA:1,(anonymous_9)
FNDA:1,(anonymous_10)
FNDA:0,(anonymous_11)
FNDA:0,(anonymous_12)
FNDA:1,(anonymous_13)
FNDA:0,(anonymous_14)
DA:2,1
DA:4,1
DA:5,1
DA:6,1
DA:10,1
DA:12,0
DA:13,0
DA:17,1
DA:18,1
DA:19,1
DA:20,1
DA:22,0
DA:24,0
DA:25,0
DA:26,0
DA:27,0
DA:30,0
DA:31,0
DA:32,0
DA:35,0
DA:39,1
DA:40,0
DA:41,0
DA:42,0
DA:43,0
DA:44,0
DA:46,0
DA:48,0
DA:52,1
DA:53,0
DA:54,0
DA:55,0
DA:57,0
DA:58,0
DA:59,0
DA:60,0
DA:62,0
DA:66,1
DA:67,1
DA:68,1
DA:69,1
DA:71,0
DA:75,1
DA:76,0
DA:77,0
DA:78,0
DA:80,0
DA:81,0
LF:48
LH:16
BRDA:24,0,0,0
BRDA:24,0,1,0
BRDA:25,1,0,0
BRDA:25,1,1,0
BRDA:30,2,0,0
BRDA:30,2,1,0
BRDA:30,3,0,0
BRDA:30,3,1,0
BRDA:42,4,0,0
BRDA:42,4,1,0
BRDA:58,5,0,0
BRDA:58,5,1,0
BRDA:58,6,0,0
BRDA:58,6,1,0
BRF:14
BRH:0
end_of_record
TN:
SF:src\middlewares\adminMiddleware.ts
FN:15,(anonymous_1)
FNF:1
FNH:0
FNDA:0,(anonymous_1)
DA:2,0
DA:5,0
DA:15,0
DA:16,0
DA:18,0
DA:19,0
DA:20,0
DA:23,0
DA:24,0
DA:29,0
DA:30,0
DA:31,0
DA:35,0
DA:36,0
DA:37,0
DA:41,0
DA:42,0
DA:43,0
DA:47,0
DA:48,0
DA:51,0
DA:54,0
DA:56,0
DA:57,0
LF:24
LH:0
BRDA:18,0,0,0
BRDA:18,0,1,0
BRDA:29,1,0,0
BRDA:29,1,1,0
BRDA:35,2,0,0
BRDA:35,2,1,0
BRDA:41,3,0,0
BRDA:41,3,1,0
BRDA:41,4,0,0
BRDA:41,4,1,0
BRDA:47,5,0,0
BRDA:47,5,1,0
BRF:12
BRH:0
end_of_record
TN:
SF:src\middlewares\securityMiddleware.ts
FN:20,(anonymous_1)
FN:56,(anonymous_2)
FN:90,(anonymous_3)
FNF:3
FNH:0
FNDA:0,(anonymous_1)
FNDA:0,(anonymous_2)
FNDA:0,(anonymous_3)
DA:2,0
DA:12,0
DA:20,0
DA:27,0
DA:41,0
DA:56,0
DA:63,0
DA:71,0
DA:73,0
DA:74,0
DA:77,0
DA:79,0
DA:90,0
DA:91,0
DA:99,0
DA:100,0
DA:101,0
DA:104,0
LF:18
LH:0
BRDA:73,0,0,0
BRDA:73,0,1,0
BRDA:77,1,0,0
BRDA:77,1,1,0
BRDA:77,1,2,0
BRDA:80,2,0,0
BRDA:80,2,1,0
BRDA:100,3,0,0
BRDA:100,3,1,0
BRF:9
BRH:0
end_of_record
TN:
SF:src\middlewares\upload.ts
FN:15,(anonymous_1)
FN:18,(anonymous_2)
FN:26,(anonymous_3)
FNF:3
FNH:0
FNDA:0,(anonymous_1)
FNDA:0,(anonymous_2)
FNDA:0,(anonymous_3)
DA:1,1
DA:2,1
DA:3,1
DA:6,1
DA:9,1
DA:10,0
DA:14,1
DA:16,0
DA:20,0
DA:21,0
DA:26,1
DA:27,0
DA:28,0
DA:29,0
DA:31,0
DA:32,0
DA:34,0
DA:39,1
DA:45,1
LF:19
LH:9
BRDA:9,0,0,0
BRDA:9,0,1,1
BRDA:31,1,0,0
BRDA:31,1,1,0
BRF:4
BRH:1
end_of_record
TN:
SF:src\middlewares\validateRequest.ts
FN:4,(anonymous_0)
FN:5,(anonymous_1)
FNF:2
FNH:2
FNDA:28,(anonymous_0)
FNDA:10,(anonymous_1)
DA:2,3
DA:4,3
DA:5,28
DA:6,10
DA:7,10
DA:12,7
DA:14,3
DA:15,3
DA:19,3
DA:21,0
LF:10
LH:9
BRDA:14,0,0,3
BRDA:14,0,1,0
BRF:2
BRH:1
end_of_record
TN:
SF:src\routes\auth.ts
FNF:0
FNH:0
DA:1,1
DA:2,1
DA:3,1
DA:4,1
DA:6,1
DA:52,1
DA:94,1
DA:125,1
DA:148,1
DA:151,1
DA:153,1
LF:11
LH:11
BRF:0
BRH:0
end_of_record
TN:
SF:src\routes\content.ts
FNF:0
FNH:0
DA:1,1
DA:2,1
DA:3,1
DA:4,1
DA:5,1
DA:34,1
DA:52,1
DA:53,1
DA:62,1
DA:71,1
DA:80,1
DA:81,1
DA:82,1
DA:86,1
DA:87,1
DA:88,1
DA:89,1
DA:90,1
DA:91,1
DA:95,1
DA:96,1
DA:97,1
DA:98,1
DA:99,1
DA:100,1
DA:104,1
DA:105,1
DA:106,1
DA:107,1
DA:108,1
DA:109,1
DA:110,1
DA:112,1
LF:33
LH:33
BRF:0
BRH:0
end_of_record
TN:
SF:src\routes\health.ts
FN:28,(anonymous_0)
FNF:1
FNH:0
FNDA:0,(anonymous_0)
DA:1,0
DA:3,0
DA:28,0
DA:29,0
DA:32,0
LF:5
LH:0
BRF:0
BRH:0
end_of_record
TN:
SF:src\routes\roles.ts
FNF:0
FNH:0
DA:1,0
DA:2,0
DA:3,0
DA:4,0
DA:6,0
DA:56,0
DA:68,0
DA:88,0
DA:115,0
DA:146,0
DA:164,0
DA:192,0
DA:194,0
LF:13
LH:0
BRF:0
BRH:0
end_of_record
TN:
SF:src\routes\users.ts
FNF:0
FNH:0
DA:1,1
DA:2,1
DA:3,1
DA:4,1
DA:6,1
DA:31,1
DA:69,1
DA:94,1
DA:128,1
DA:156,1
DA:174,1
DA:176,1
LF:12
LH:12
BRF:0
BRH:0
end_of_record
TN:
SF:src\services\authService.ts
FN:10,(anonymous_1)
FN:45,(anonymous_2)
FN:83,(anonymous_3)
FN:145,(anonymous_4)
FNF:4
FNH:0
FNDA:0,(anonymous_1)
FNDA:0,(anonymous_2)
FNDA:0,(anonymous_3)
FNDA:0,(anonymous_4)
DA:1,1
DA:2,1
DA:3,1
DA:4,1
DA:5,1
DA:7,1
DA:8,1
DA:10,1
DA:11,0
DA:16,0
DA:17,0
DA:20,0
DA:21,0
DA:24,0
DA:25,0
DA:26,0
DA:28,0
DA:31,0
DA:32,0
DA:35,0
DA:41,0
DA:42,0
DA:45,1
DA:46,0
DA:50,0
DA:51,0
DA:54,0
DA:55,0
DA:56,0
DA:59,0
DA:60,0
DA:62,0
DA:73,0
DA:79,0
DA:80,0
DA:83,1
DA:84,0
DA:88,0
DA:90,0
DA:91,0
DA:94,0
DA:95,0
DA:97,0
DA:102,0
DA:103,0
DA:104,0
DA:105,0
DA:108,0
DA:109,0
DA:111,0
DA:112,0
DA:113,0
DA:114,0
DA:115,0
DA:116,0
DA:119,0
DA:131,0
DA:132,0
DA:135,0
DA:141,0
DA:142,0
DA:145,1
DA:146,0
DA:147,0
DA:148,0
DA:150,0
DA:151,0
DA:152,0
DA:154,0
DA:157,0
DA:158,0
DA:161,0
DA:162,0
DA:163,0
LF:74
LH:11
BRDA:7,0,0,1
BRDA:7,0,1,0
BRDA:8,1,0,1
BRDA:8,1,1,0
BRDA:16,2,0,0
BRDA:16,2,1,0
BRDA:20,3,0,0
BRDA:20,3,1,0
BRDA:20,4,0,0
BRDA:20,4,1,0
BRDA:20,4,2,0
BRDA:25,5,0,0
BRDA:25,5,1,0
BRDA:25,6,0,0
BRDA:25,6,1,0
BRDA:31,7,0,0
BRDA:31,7,1,0
BRDA:50,8,0,0
BRDA:50,8,1,0
BRDA:55,9,0,0
BRDA:55,9,1,0
BRDA:67,10,0,0
BRDA:67,10,1,0
BRDA:74,11,0,0
BRDA:74,11,1,0
BRDA:90,12,0,0
BRDA:90,12,1,0
BRDA:90,13,0,0
BRDA:90,13,1,0
BRDA:95,14,0,0
BRDA:95,14,1,0
BRDA:102,15,0,0
BRDA:102,15,1,0
BRDA:104,16,0,0
BRDA:104,16,1,0
BRDA:131,17,0,0
BRDA:131,17,1,0
BRDA:131,18,0,0
BRDA:131,18,1,0
BRDA:131,18,2,0
BRDA:136,19,0,0
BRDA:136,19,1,0
BRDA:147,20,0,0
BRDA:147,20,1,0
BRDA:151,21,0,0
BRDA:151,21,1,0
BRDA:151,22,0,0
BRDA:151,22,1,0
BRDA:157,23,0,0
BRDA:157,23,1,0
BRF:50
BRH:2
end_of_record
TN:
SF:src\services\contentService.ts
FN:6,(anonymous_1)
FN:11,(anonymous_2)
FN:14,(anonymous_3)
FN:36,(anonymous_4)
FN:47,(anonymous_5)
FN:67,(anonymous_6)
FN:82,(anonymous_7)
FN:89,(anonymous_8)
FN:94,(anonymous_9)
FN:99,(anonymous_10)
FN:102,(anonymous_11)
FN:102,(anonymous_12)
FN:107,(anonymous_13)
FN:120,(anonymous_14)
FN:126,(anonymous_15)
FN:133,(anonymous_16)
FN:137,(anonymous_17)
FN:142,(anonymous_18)
FN:147,(anonymous_19)
FN:150,(anonymous_20)
FN:150,(anonymous_21)
FN:155,(anonymous_22)
FN:168,(anonymous_23)
FN:174,(anonymous_24)
FN:181,(anonymous_25)
FN:185,(anonymous_26)
FN:190,(anonymous_27)
FN:195,(anonymous_28)
FN:198,(anonymous_29)
FN:198,(anonymous_30)
FN:203,(anonymous_31)
FN:207,(anonymous_32)
FN:221,(anonymous_33)
FN:238,(anonymous_34)
FN:254,(anonymous_35)
FN:258,(anonymous_36)
FNF:36
FNH:0
FNDA:0,(anonymous_1)
FNDA:0,(anonymous_2)
FNDA:0,(anonymous_3)
FNDA:0,(anonymous_4)
FNDA:0,(anonymous_5)
FNDA:0,(anonymous_6)
FNDA:0,(anonymous_7)
FNDA:0,(anonymous_8)
FNDA:0,(anonymous_9)
FNDA:0,(anonymous_10)
FNDA:0,(anonymous_11)
FNDA:0,(anonymous_12)
FNDA:0,(anonymous_13)
FNDA:0,(anonymous_14)
FNDA:0,(anonymous_15)
FNDA:0,(anonymous_16)
FNDA:0,(anonymous_17)
FNDA:0,(anonymous_18)
FNDA:0,(anonymous_19)
FNDA:0,(anonymous_20)
FNDA:0,(anonymous_21)
FNDA:0,(anonymous_22)
FNDA:0,(anonymous_23)
FNDA:0,(anonymous_24)
FNDA:0,(anonymous_25)
FNDA:0,(anonymous_26)
FNDA:0,(anonymous_27)
FNDA:0,(anonymous_28)
FNDA:0,(anonymous_29)
FNDA:0,(anonymous_30)
FNDA:0,(anonymous_31)
FNDA:0,(anonymous_32)
FNDA:0,(anonymous_33)
FNDA:0,(anonymous_34)
FNDA:0,(anonymous_35)
FNDA:0,(anonymous_36)
DA:1,1
DA:6,1
DA:7,0
DA:11,0
DA:14,1
DA:15,0
DA:16,0
DA:17,0
DA:19,0
DA:20,0
DA:25,0
DA:36,1
DA:37,0
DA:47,1
DA:48,0
DA:49,0
DA:51,0
DA:52,0
DA:55,0
DA:67,1
DA:68,0
DA:69,0
DA:74,0
DA:76,0
DA:82,1
DA:83,0
DA:89,1
DA:90,0
DA:94,1
DA:95,0
DA:99,0
DA:101,0
DA:102,0
DA:104,0
DA:107,1
DA:108,0
DA:109,0
DA:110,0
DA:111,0
DA:113,0
DA:120,1
DA:121,0
DA:126,1
DA:127,0
DA:133,1
DA:134,0
DA:137,1
DA:138,0
DA:142,1
DA:143,0
DA:147,0
DA:149,0
DA:150,0
DA:152,0
DA:155,1
DA:156,0
DA:157,0
DA:158,0
DA:159,0
DA:161,0
DA:168,1
DA:169,0
DA:174,1
DA:175,0
DA:181,1
DA:182,0
DA:185,1
DA:186,0
DA:190,1
DA:191,0
DA:195,0
DA:197,0
DA:198,0
DA:200,0
DA:203,1
DA:204,0
DA:207,1
DA:208,0
DA:209,0
DA:210,0
DA:211,0
DA:212,0
DA:214,0
DA:221,1
DA:222,0
DA:238,1
DA:239,0
DA:254,1
DA:255,0
DA:258,1
DA:259,0
LF:91
LH:27
BRDA:16,0,0,0
BRDA:16,0,1,0
BRDA:19,1,0,0
BRDA:19,1,1,0
BRDA:48,2,0,0
BRDA:48,2,1,0
BRDA:51,3,0,0
BRDA:51,3,1,0
BRDA:61,4,0,0
BRDA:61,4,1,0
BRDA:62,5,0,0
BRDA:62,5,1,0
BRDA:72,6,0,0
BRDA:72,6,1,0
BRDA:74,7,0,0
BRDA:74,7,1,0
BRDA:102,8,0,0
BRDA:102,8,1,0
BRDA:109,9,0,0
BRDA:109,9,1,0
BRDA:110,10,0,0
BRDA:110,10,1,0
BRDA:111,11,0,0
BRDA:111,11,1,0
BRDA:122,12,0,0
BRDA:122,12,1,0
BRDA:129,13,0,0
BRDA:129,13,1,0
BRDA:150,14,0,0
BRDA:150,14,1,0
BRDA:157,15,0,0
BRDA:157,15,1,0
BRDA:158,16,0,0
BRDA:158,16,1,0
BRDA:159,17,0,0
BRDA:159,17,1,0
BRDA:170,18,0,0
BRDA:170,18,1,0
BRDA:177,19,0,0
BRDA:177,19,1,0
BRDA:198,20,0,0
BRDA:198,20,1,0
BRDA:209,21,0,0
BRDA:209,21,1,0
BRDA:210,22,0,0
BRDA:210,22,1,0
BRDA:211,23,0,0
BRDA:211,23,1,0
BRDA:212,24,0,0
BRDA:212,24,1,0
BRDA:226,25,0,0
BRDA:226,25,1,0
BRDA:231,26,0,0
BRDA:231,26,1,0
BRDA:243,27,0,0
BRDA:243,27,1,0
BRDA:247,28,0,0
BRDA:247,28,1,0
BRF:58
BRH:0
end_of_record
TN:
SF:src\services\roleService.ts
FN:5,(anonymous_1)
FN:9,(anonymous_2)
FN:19,(anonymous_3)
FN:23,(anonymous_4)
FN:34,(anonymous_5)
FN:44,(anonymous_6)
FN:51,(anonymous_7)
FNF:7
FNH:0
FNDA:0,(anonymous_1)
FNDA:0,(anonymous_2)
FNDA:0,(anonymous_3)
FNDA:0,(anonymous_4)
FNDA:0,(anonymous_5)
FNDA:0,(anonymous_6)
FNDA:0,(anonymous_7)
DA:1,0
DA:3,0
DA:5,0
DA:6,0
DA:9,0
DA:10,0
DA:19,0
DA:20,0
DA:23,0
DA:24,0
DA:34,0
DA:35,0
DA:36,0
DA:38,0
DA:44,0
DA:45,0
DA:51,0
DA:53,0
DA:54,0
DA:55,0
DA:58,0
LF:21
LH:0
BRDA:29,0,0,0
BRDA:29,0,1,0
BRDA:36,1,0,0
BRDA:36,1,1,0
BRDA:54,2,0,0
BRDA:54,2,1,0
BRF:6
BRH:0
end_of_record
TN:
SF:src\services\userService.ts
FN:5,(anonymous_1)
FN:35,(anonymous_2)
FN:72,(anonymous_3)
FN:89,(anonymous_4)
FN:127,(anonymous_5)
FN:131,(anonymous_6)
FNF:6
FNH:0
FNDA:0,(anonymous_1)
FNDA:0,(anonymous_2)
FNDA:0,(anonymous_3)
FNDA:0,(anonymous_4)
FNDA:0,(anonymous_5)
FNDA:0,(anonymous_6)
DA:1,1
DA:3,1
DA:5,1
DA:6,0
DA:7,0
DA:8,0
DA:10,0
DA:11,0
DA:18,0
DA:35,1
DA:36,0
DA:38,0
DA:39,0
DA:40,0
DA:41,0
DA:44,0
DA:45,0
DA:48,0
DA:72,1
DA:73,0
DA:89,1
DA:90,0
DA:91,0
DA:92,0
DA:94,0
DA:95,0
DA:96,0
DA:97,0
DA:99,0
DA:100,0
DA:101,0
DA:102,0
DA:103,0
DA:104,0
DA:106,0
DA:110,0
DA:127,1
DA:128,0
DA:131,1
DA:132,0
LF:40
LH:8
BRDA:7,0,0,0
BRDA:7,0,1,0
BRDA:10,1,0,0
BRDA:10,1,1,0
BRDA:38,2,0,0
BRDA:38,2,1,0
BRDA:40,3,0,0
BRDA:40,3,1,0
BRDA:44,4,0,0
BRDA:44,4,1,0
BRDA:44,5,0,0
BRDA:44,5,1,0
BRDA:54,6,0,0
BRDA:54,6,1,0
BRDA:55,7,0,0
BRDA:55,7,1,0
BRDA:56,8,0,0
BRDA:56,8,1,0
BRDA:91,9,0,0
BRDA:91,9,1,0
BRDA:92,10,0,0
BRDA:92,10,1,0
BRDA:94,11,0,0
BRDA:94,11,1,0
BRDA:96,12,0,0
BRDA:96,12,1,0
BRDA:96,13,0,0
BRDA:96,13,1,0
BRDA:100,14,0,0
BRDA:100,14,1,0
BRDA:102,15,0,0
BRDA:102,15,1,0
BRDA:103,16,0,0
BRDA:103,16,1,0
BRF:34
BRH:0
end_of_record
TN:
SF:src\validators\auth.validator.ts
FNF:0
FNH:0
DA:1,1
DA:3,1
DA:10,1
DA:19,1
DA:25,1
DA:33,1
LF:6
LH:6
BRF:0
BRH:0
end_of_record
TN:
SF:src\validators\content.validator.ts
FNF:0
FNH:0
DA:1,1
DA:3,1
DA:9,1
DA:15,1
DA:21,1
DA:31,1
DA:41,1
DA:53,1
LF:8
LH:8
BRF:0
BRH:0
end_of_record
TN:
SF:src\validators\role.validator.ts
FNF:0
FNH:0
DA:1,0
DA:3,0
DA:12,0
DA:24,0
DA:33,0
LF:5
LH:0
BRF:0
BRH:0
end_of_record
TN:
SF:src\validators\user.validator.ts
FNF:0
FNH:0
DA:1,1
DA:3,1
DA:10,1
DA:23,1
DA:29,1
DA:41,1
LF:6
LH:6
BRF:0
BRH:0
end_of_record
